2015/03/29 12:42:33 [error] [system.db.CDbCommand] CDbCommand::fetchAll() failed: SQLSTATE[42S02]: Base table or view not found: 1146 Table 'eventapp.tbl_migration' doesn't exist. The SQL statement executed was: SHOW FULL COLUMNS FROM `tbl_migration`.
2015/03/29 12:50:08 [error] [system.db.CDbCommand] CDbCommand::fetchAll() failed: SQLSTATE[42S02]: Base table or view not found: 1146 Table 'eventapp.tbl_migration' doesn't exist. The SQL statement executed was: SHOW FULL COLUMNS FROM `tbl_migration`.
2015/03/29 12:53:36 [error] [system.db.CDbCommand] CDbCommand::fetchAll() failed: SQLSTATE[42S02]: Base table or view not found: 1146 Table 'eventapp.tbl_migration' doesn't exist. The SQL statement executed was: SHOW FULL COLUMNS FROM `tbl_migration`.
2015/03/29 12:54:10 [error] [system.db.CDbCommand] CDbCommand::fetchAll() failed: SQLSTATE[42S02]: Base table or view not found: 1146 Table 'eventapp.tbl_migration' doesn't exist. The SQL statement executed was: SHOW FULL COLUMNS FROM `tbl_migration`.
2015/03/29 13:53:39 [error] [exception.CHttpException.403] exception 'CHttpException' with message 'You are not authorized to perform this action.' in D:\xampp\htdocs\yiiproject\framework\web\auth\CAccessControlFilter.php:182
Stack trace:
#0 D:\xampp\htdocs\yiiproject\framework\web\auth\CAccessControlFilter.php(145): CAccessControlFilter->accessDenied(Object(CWebUser), 'You are not aut...')
#1 D:\xampp\htdocs\yiiproject\framework\web\filters\CFilter.php(38): CAccessControlFilter->preFilter(Object(CFilterChain))
#2 D:\xampp\htdocs\yiiproject\framework\web\CController.php(1145): CFilter->filter(Object(CFilterChain))
#3 D:\xampp\htdocs\yiiproject\framework\web\filters\CInlineFilter.php(58): CController->filterAccessControl(Object(CFilterChain))
#4 D:\xampp\htdocs\yiiproject\framework\web\filters\CFilterChain.php(130): CInlineFilter->filter(Object(CFilterChain))
#5 D:\xampp\htdocs\yiiproject\framework\web\CController.php(291): CFilterChain->run()
#6 D:\xampp\htdocs\yiiproject\framework\web\CController.php(265): CController->runActionWithFilters(Object(CInlineAction), Array)
#7 D:\xampp\htdocs\yiiproject\framework\web\CWebApplication.php(282): CController->run('admin')
#8 D:\xampp\htdocs\yiiproject\framework\web\CWebApplication.php(141): CWebApplication->runController('evention/admin')
#9 D:\xampp\htdocs\yiiproject\framework\base\CApplication.php(184): CWebApplication->processRequest()
#10 D:\xampp\htdocs\yiiproject\eventapp\index.php(13): CApplication->run()
#11 {main}
REQUEST_URI=/yiiproject/eventapp/index.php/evention/admin
HTTP_REFERER=http://localhost/yiiproject/eventapp/evention
---
2015/03/29 17:33:26 [error] [php] include(LoginForm.php): failed to open stream: No such file or directory (D:\xampp\htdocs\yiiproject\framework\YiiBase.php:432)
Stack trace:
#0 D:\xampp\htdocs\yiiproject\eventapp\protected\controllers\SiteController.php(80): spl_autoload_call()
#1 D:\xampp\htdocs\yiiproject\framework\web\actions\CInlineAction.php(49): SiteController->actionLogin()
#2 D:\xampp\htdocs\yiiproject\framework\web\CController.php(308): CInlineAction->runWithParams()
#3 D:\xampp\htdocs\yiiproject\framework\web\CController.php(286): SiteController->runAction()
#4 D:\xampp\htdocs\yiiproject\framework\web\CController.php(265): SiteController->runActionWithFilters()
#5 D:\xampp\htdocs\yiiproject\framework\web\CWebApplication.php(282): SiteController->run()
#6 D:\xampp\htdocs\yiiproject\framework\web\CWebApplication.php(141): CWebApplication->runController()
#7 D:\xampp\htdocs\yiiproject\framework\base\CApplication.php(184): CWebApplication->processRequest()
#8 D:\xampp\htdocs\yiiproject\eventapp\index.php(13): CWebApplication->run()
REQUEST_URI=/yiiproject/eventapp/index.php/site/login
in D:\xampp\htdocs\yiiproject\eventapp\protected\controllers\SiteController.php (80)
in D:\xampp\htdocs\yiiproject\eventapp\index.php (13)
2015/03/29 17:34:35 [error] [php] include(LoginForm.php): failed to open stream: No such file or directory (D:\xampp\htdocs\yiiproject\framework\YiiBase.php:432)
Stack trace:
#0 D:\xampp\htdocs\yiiproject\eventapp\protected\controllers\SiteController.php(80): spl_autoload_call()
#1 D:\xampp\htdocs\yiiproject\framework\web\actions\CInlineAction.php(49): SiteController->actionLogin()
#2 D:\xampp\htdocs\yiiproject\framework\web\CController.php(308): CInlineAction->runWithParams()
#3 D:\xampp\htdocs\yiiproject\framework\web\CController.php(286): SiteController->runAction()
#4 D:\xampp\htdocs\yiiproject\framework\web\CController.php(265): SiteController->runActionWithFilters()
#5 D:\xampp\htdocs\yiiproject\framework\web\CWebApplication.php(282): SiteController->run()
#6 D:\xampp\htdocs\yiiproject\framework\web\CWebApplication.php(141): CWebApplication->runController()
#7 D:\xampp\htdocs\yiiproject\framework\base\CApplication.php(184): CWebApplication->processRequest()
#8 D:\xampp\htdocs\yiiproject\eventapp\index.php(13): CWebApplication->run()
REQUEST_URI=/yiiproject/eventapp/index.php/site/login
in D:\xampp\htdocs\yiiproject\eventapp\protected\controllers\SiteController.php (80)
in D:\xampp\htdocs\yiiproject\eventapp\index.php (13)
2015/03/29 17:34:38 [error] [php] include(ContactForm.php): failed to open stream: No such file or directory (D:\xampp\htdocs\yiiproject\framework\YiiBase.php:432)
Stack trace:
#0 D:\xampp\htdocs\yiiproject\eventapp\protected\controllers\SiteController.php(54): spl_autoload_call()
#1 D:\xampp\htdocs\yiiproject\framework\web\actions\CInlineAction.php(49): SiteController->actionContact()
#2 D:\xampp\htdocs\yiiproject\framework\web\CController.php(308): CInlineAction->runWithParams()
#3 D:\xampp\htdocs\yiiproject\framework\web\CController.php(286): SiteController->runAction()
#4 D:\xampp\htdocs\yiiproject\framework\web\CController.php(265): SiteController->runActionWithFilters()
#5 D:\xampp\htdocs\yiiproject\framework\web\CWebApplication.php(282): SiteController->run()
#6 D:\xampp\htdocs\yiiproject\framework\web\CWebApplication.php(141): CWebApplication->runController()
#7 D:\xampp\htdocs\yiiproject\framework\base\CApplication.php(184): CWebApplication->processRequest()
#8 D:\xampp\htdocs\yiiproject\eventapp\index.php(13): CWebApplication->run()
REQUEST_URI=/yiiproject/eventapp/index.php/site/contact
in D:\xampp\htdocs\yiiproject\eventapp\protected\controllers\SiteController.php (54)
in D:\xampp\htdocs\yiiproject\eventapp\index.php (13)
2015/03/29 17:35:39 [error] [php] include(LoginForm.php): failed to open stream: No such file or directory (D:\xampp\htdocs\yiiproject\framework\YiiBase.php:432)
Stack trace:
#0 D:\xampp\htdocs\yiiproject\eventapp\protected\controllers\SiteController.php(80): spl_autoload_call()
#1 D:\xampp\htdocs\yiiproject\framework\web\actions\CInlineAction.php(49): SiteController->actionLogin()
#2 D:\xampp\htdocs\yiiproject\framework\web\CController.php(308): CInlineAction->runWithParams()
#3 D:\xampp\htdocs\yiiproject\framework\web\CController.php(286): SiteController->runAction()
#4 D:\xampp\htdocs\yiiproject\framework\web\CController.php(265): SiteController->runActionWithFilters()
#5 D:\xampp\htdocs\yiiproject\framework\web\CWebApplication.php(282): SiteController->run()
#6 D:\xampp\htdocs\yiiproject\framework\web\CWebApplication.php(141): CWebApplication->runController()
#7 D:\xampp\htdocs\yiiproject\framework\base\CApplication.php(184): CWebApplication->processRequest()
#8 D:\xampp\htdocs\yiiproject\eventapp\index.php(13): CWebApplication->run()
REQUEST_URI=/yiiproject/eventapp/index.php/site/login
in D:\xampp\htdocs\yiiproject\eventapp\protected\controllers\SiteController.php (80)
in D:\xampp\htdocs\yiiproject\eventapp\index.php (13)
2015/03/29 17:36:33 [error] [php] include(LoginForm.php): failed to open stream: No such file or directory (D:\xampp\htdocs\yiiproject\framework\YiiBase.php:432)
Stack trace:
#0 D:\xampp\htdocs\yiiproject\eventapp\protected\controllers\SiteController.php(80): spl_autoload_call()
#1 D:\xampp\htdocs\yiiproject\framework\web\actions\CInlineAction.php(49): SiteController->actionLogin()
#2 D:\xampp\htdocs\yiiproject\framework\web\CController.php(308): CInlineAction->runWithParams()
#3 D:\xampp\htdocs\yiiproject\framework\web\CController.php(286): SiteController->runAction()
#4 D:\xampp\htdocs\yiiproject\framework\web\CController.php(265): SiteController->runActionWithFilters()
#5 D:\xampp\htdocs\yiiproject\framework\web\CWebApplication.php(282): SiteController->run()
#6 D:\xampp\htdocs\yiiproject\framework\web\CWebApplication.php(141): CWebApplication->runController()
#7 D:\xampp\htdocs\yiiproject\framework\base\CApplication.php(184): CWebApplication->processRequest()
#8 D:\xampp\htdocs\yiiproject\eventapp\index.php(13): CWebApplication->run()
REQUEST_URI=/yiiproject/eventapp/index.php/site/login
in D:\xampp\htdocs\yiiproject\eventapp\protected\controllers\SiteController.php (80)
in D:\xampp\htdocs\yiiproject\eventapp\index.php (13)
2015/03/29 17:36:43 [error] [php] include(LoginForm.php): failed to open stream: No such file or directory (D:\xampp\htdocs\yiiproject\framework\YiiBase.php:432)
Stack trace:
#0 D:\xampp\htdocs\yiiproject\eventapp\protected\controllers\SiteController.php(80): spl_autoload_call()
#1 D:\xampp\htdocs\yiiproject\framework\web\actions\CInlineAction.php(49): SiteController->actionLogin()
#2 D:\xampp\htdocs\yiiproject\framework\web\CController.php(308): CInlineAction->runWithParams()
#3 D:\xampp\htdocs\yiiproject\framework\web\CController.php(286): SiteController->runAction()
#4 D:\xampp\htdocs\yiiproject\framework\web\CController.php(265): SiteController->runActionWithFilters()
#5 D:\xampp\htdocs\yiiproject\framework\web\CWebApplication.php(282): SiteController->run()
#6 D:\xampp\htdocs\yiiproject\framework\web\CWebApplication.php(141): CWebApplication->runController()
#7 D:\xampp\htdocs\yiiproject\framework\base\CApplication.php(184): CWebApplication->processRequest()
#8 D:\xampp\htdocs\yiiproject\eventapp\index.php(13): CWebApplication->run()
REQUEST_URI=/yiiproject/eventapp/index.php/site/login
in D:\xampp\htdocs\yiiproject\eventapp\protected\controllers\SiteController.php (80)
in D:\xampp\htdocs\yiiproject\eventapp\index.php (13)
2015/03/29 17:38:34 [error] [php] include(LoginForm.php): failed to open stream: No such file or directory (D:\xampp\htdocs\yiiproject\framework\YiiBase.php:432)
Stack trace:
#0 D:\xampp\htdocs\yiiproject\eventapp\protected\controllers\SiteController.php(80): spl_autoload_call()
#1 D:\xampp\htdocs\yiiproject\framework\web\actions\CInlineAction.php(49): SiteController->actionLogin()
#2 D:\xampp\htdocs\yiiproject\framework\web\CController.php(308): CInlineAction->runWithParams()
#3 D:\xampp\htdocs\yiiproject\framework\web\CController.php(286): SiteController->runAction()
#4 D:\xampp\htdocs\yiiproject\framework\web\CController.php(265): SiteController->runActionWithFilters()
#5 D:\xampp\htdocs\yiiproject\framework\web\CWebApplication.php(282): SiteController->run()
#6 D:\xampp\htdocs\yiiproject\framework\web\CWebApplication.php(141): CWebApplication->runController()
#7 D:\xampp\htdocs\yiiproject\framework\base\CApplication.php(184): CWebApplication->processRequest()
#8 D:\xampp\htdocs\yiiproject\eventapp\index.php(13): CWebApplication->run()
REQUEST_URI=/yiiproject/eventapp/index.php/site/login
in D:\xampp\htdocs\yiiproject\eventapp\protected\controllers\SiteController.php (80)
in D:\xampp\htdocs\yiiproject\eventapp\index.php (13)
2015/03/29 17:38:34 [error] [php] include(ContactForm.php): failed to open stream: No such file or directory (D:\xampp\htdocs\yiiproject\framework\YiiBase.php:432)
Stack trace:
#0 D:\xampp\htdocs\yiiproject\eventapp\protected\controllers\SiteController.php(54): spl_autoload_call()
#1 D:\xampp\htdocs\yiiproject\framework\web\actions\CInlineAction.php(49): SiteController->actionContact()
#2 D:\xampp\htdocs\yiiproject\framework\web\CController.php(308): CInlineAction->runWithParams()
#3 D:\xampp\htdocs\yiiproject\framework\web\CController.php(286): SiteController->runAction()
#4 D:\xampp\htdocs\yiiproject\framework\web\CController.php(265): SiteController->runActionWithFilters()
#5 D:\xampp\htdocs\yiiproject\framework\web\CWebApplication.php(282): SiteController->run()
#6 D:\xampp\htdocs\yiiproject\framework\web\CWebApplication.php(141): CWebApplication->runController()
#7 D:\xampp\htdocs\yiiproject\framework\base\CApplication.php(184): CWebApplication->processRequest()
#8 D:\xampp\htdocs\yiiproject\eventapp\index.php(13): CWebApplication->run()
REQUEST_URI=/yiiproject/eventapp/index.php/site/contact
in D:\xampp\htdocs\yiiproject\eventapp\protected\controllers\SiteController.php (54)
in D:\xampp\htdocs\yiiproject\eventapp\index.php (13)
2015/03/29 17:40:06 [error] [php] include(LoginForm.php): failed to open stream: No such file or directory (D:\xampp\htdocs\yiiproject\framework\YiiBase.php:432)
Stack trace:
#0 D:\xampp\htdocs\yiiproject\eventapp\protected\controllers\SiteController.php(80): spl_autoload_call()
#1 D:\xampp\htdocs\yiiproject\framework\web\actions\CInlineAction.php(49): SiteController->actionLogin()
#2 D:\xampp\htdocs\yiiproject\framework\web\CController.php(308): CInlineAction->runWithParams()
#3 D:\xampp\htdocs\yiiproject\framework\web\CController.php(286): SiteController->runAction()
#4 D:\xampp\htdocs\yiiproject\framework\web\CController.php(265): SiteController->runActionWithFilters()
#5 D:\xampp\htdocs\yiiproject\framework\web\CWebApplication.php(282): SiteController->run()
#6 D:\xampp\htdocs\yiiproject\framework\web\CWebApplication.php(141): CWebApplication->runController()
#7 D:\xampp\htdocs\yiiproject\framework\base\CApplication.php(184): CWebApplication->processRequest()
#8 D:\xampp\htdocs\yiiproject\eventapp\index.php(13): CWebApplication->run()
REQUEST_URI=/yiiproject/eventapp/index.php/site/login
in D:\xampp\htdocs\yiiproject\eventapp\protected\controllers\SiteController.php (80)
in D:\xampp\htdocs\yiiproject\eventapp\index.php (13)
